2016/11/07 13:56:35 にビルドを開始しました。
     1>ノード 2 上のプロジェクト "C:\Github\GAMENEOver.01\Gameseisaku\Gameseisaku\Gameseisaku.vcxproj" (Build ターゲット)。
     1>ClCompile:
         C:\Program Files (x86)\Microsoft Visual Studio 12.0\VC\bin\CL.exe /c /Zi /nologo /W3 /WX- /sdl /O2 /Oi /Oy- /GL /D WIN32 /D NDEBUG /D _WINDOWS /D _MBCS /Gm- /EHsc /MT /GS /Gy /fp:precise /Zc:wchar_t /Zc:forScope /Fo"Release\\" /Fd"Release\vc120.pdb" /Gd /TP /analyze- /errorReport:prompt Map.cpp
         Map.cpp
       Link:
         C:\Program Files (x86)\Microsoft Visual Studio 12.0\VC\bin\link.exe /ERRORREPORT:PROMPT /OUT:"C:\Github\GAMENEOver.01\Gameseisaku\Release\Gameseisaku.exe" /INCREMENTAL:NO /NOLOGO d3d9.lib d3dx9.lib BulletCollision.lib BulletDynamics.lib LinearMath.lib kernel32.lib user32.lib gdi32.lib winspool.lib comdlg32.lib advapi32.lib shell32.lib ole32.lib oleaut32.lib uuid.lib odbc32.lib odbccp32.lib /MANIFEST /MANIFESTUAC:"level='asInvoker' uiAccess='false'" /manifest:embed /DEBUG /PDB:"C:\Github\GAMENEOver.01\Gameseisaku\Release\Gameseisaku.pdb" /SUBSYSTEM:WINDOWS /OPT:REF /OPT:ICF /LTCG /TLBID:1 /DYNAMICBASE /NXCOMPAT /IMPLIB:"C:\Github\GAMENEOver.01\Gameseisaku\Release\Gameseisaku.lib" /MACHINE:X86 /SAFESEH Release\Animation.obj
         Release\Camera.obj
         Release\CapsuleCollider.obj
         Release\CharacterController.obj
         Release\EffectManager.obj
         Release\game.obj
         Release\GameCamera.obj
         Release\ground.obj
         Release\main.obj
         Release\Map.obj
         Release\MapChip.obj
         Release\MeshCollider.obj
         Release\Physics.obj
         Release\Player.obj
         Release\RigidBody.obj
         Release\SkinModel.obj
         Release\skinModelData.obj
         Release\Sky.obj
         Release\stdafx.obj
         Release\System.obj
         Release\trun.obj
         コード生成しています。
         コード生成が終了しました。
         Gameseisaku.vcxproj -> C:\Github\GAMENEOver.01\Gameseisaku\Release\Gameseisaku.exe
     1>プロジェクト "C:\Github\GAMENEOver.01\Gameseisaku\Gameseisaku\Gameseisaku.vcxproj" (Build ターゲット) のビルドが完了しました。

ビルドに成功しました。

経過時間 00:00:04.53
