c:\github\gameneover.01\gameseisaku\gameseisaku\debug\vc140.pdb
c:\github\gameneover.01\gameseisaku\gameseisaku\debug\vc140.idb
c:\github\gameneover.01\gameseisaku\gameseisaku\debug\capsulecollider.obj
c:\github\gameneover.01\gameseisaku\gameseisaku\debug\charactercontroller.obj
c:\github\gameneover.01\gameseisaku\gameseisaku\debug\effectmanager.obj
c:\github\gameneover.01\gameseisaku\gameseisaku\debug\game.obj
c:\github\gameneover.01\gameseisaku\gameseisaku\debug\gamecamera.obj
c:\github\gameneover.01\gameseisaku\gameseisaku\debug\ground.obj
c:\github\gameneover.01\gameseisaku\gameseisaku\debug\main.obj
c:\github\gameneover.01\gameseisaku\gameseisaku\debug\map.obj
c:\github\gameneover.01\gameseisaku\gameseisaku\debug\mapchip.obj
c:\github\gameneover.01\gameseisaku\gameseisaku\debug\meshcollider.obj
c:\github\gameneover.01\gameseisaku\gameseisaku\debug\physics.obj
c:\github\gameneover.01\gameseisaku\gameseisaku\debug\player.obj
c:\github\gameneover.01\gameseisaku\gameseisaku\debug\rigidbody.obj
c:\github\gameneover.01\gameseisaku\gameseisaku\debug\shadowmap.obj
c:\github\gameneover.01\gameseisaku\gameseisaku\debug\skinmodel.obj
c:\github\gameneover.01\gameseisaku\gameseisaku\debug\skinmodeldata.obj
c:\github\gameneover.01\gameseisaku\gameseisaku\debug\sky.obj
c:\github\gameneover.01\gameseisaku\gameseisaku\debug\stdafx.obj
c:\github\gameneover.01\gameseisaku\gameseisaku\debug\system.obj
c:\github\gameneover.01\gameseisaku\gameseisaku\debug\texture.obj
c:\github\gameneover.01\gameseisaku\gameseisaku\debug\animation.obj
c:\github\gameneover.01\gameseisaku\gameseisaku\debug\camera.obj
c:\github\gameneover.01\gameseisaku\gameseisaku\debug\trun.obj
c:\github\gameneover.01\gameseisaku\debug\gameseisaku.ilk
c:\github\gameneover.01\gameseisaku\debug\gameseisaku.exe
c:\github\gameneover.01\gameseisaku\debug\gameseisaku.pdb
c:\github\gameneover.01\gameseisaku\gameseisaku\debug\player.obj.enc
c:\github\gameneover.01\gameseisaku\gameseisaku\debug\gameseisaku.tlog\cl.command.1.tlog
c:\github\gameneover.01\gameseisaku\gameseisaku\debug\gameseisaku.tlog\cl.read.1.tlog
c:\github\gameneover.01\gameseisaku\gameseisaku\debug\gameseisaku.tlog\cl.write.1.tlog
c:\github\gameneover.01\gameseisaku\gameseisaku\debug\gameseisaku.tlog\link.command.1.tlog
c:\github\gameneover.01\gameseisaku\gameseisaku\debug\gameseisaku.tlog\link.read.1.tlog
c:\github\gameneover.01\gameseisaku\gameseisaku\debug\gameseisaku.tlog\link.write.1.tlog
